Detecting compiler hash for triplet x64-linux...
Compiler found: /usr/bin/c++
Detecting compiler hash for triplet x64-mingw-dynamic...
Compiler found: /usr/bin/x86_64-w64-mingw32-g++
The following packages will be built and installed:
  * libde265:x64-mingw-dynamic@1.0.16#1
    libheif[core,hevc]:x64-mingw-dynamic@1.21.2
  * vcpkg-cmake:x64-linux@2024-04-23
  * vcpkg-cmake-config:x64-linux@2024-05-23
  * x265:x64-mingw-dynamic@4.1#1
Additional packages (*) will be modified to complete this operation.
Restored 2 package(s) from /root/.cache/vcpkg/archives in 4.65 ms. Use --debug to see more details.
Installing 1/5 vcpkg-cmake:x64-linux@2024-04-23...
vcpkg-cmake:x64-linux@2024-04-23 package ABI: 659c0a6a56bb6d970394cbb6f6df93716a8f65bdd611145bb09e84aaa50cfacd
Elapsed time to handle vcpkg-cmake:x64-linux: 4.68 ms
Installing 2/5 x265:x64-mingw-dynamic@4.1#1...
x265:x64-mingw-dynamic@4.1#1 package ABI: 535c79ac5f85363cb819b378eb2ca2168a0c2fbbdb4cb2c56f889b44f736f1e9
Building x265:x64-mingw-dynamic@4.1#1...
/opt/vcpkg/triplets/community/x64-mingw-dynamic.cmake: info: loaded community triplet from here. Community triplets are not built in the curated registry and are thus less likely to succeed.
-- Using cached multicoreware-x265_git-4.1.tar.gz
-- Cleaning sources at /opt/vcpkg/buildtrees/x265/src/4.1-551cda7243.clean. Use --editable to skip cleaning for the packages you specify.
-- Extracting source /opt/vcpkg/downloads/multicoreware-x265_git-4.1.tar.gz
-- Applying patch disable-install-pdb.patch
-- Applying patch version.patch
-- Applying patch linkage.diff
-- Applying patch pkgconfig.diff
-- Applying patch pthread.diff
-- Applying patch compiler-target.diff
-- Applying patch neon.diff
-- Applying patch fix-cmake-4.patch
-- Using source at /opt/vcpkg/buildtrees/x265/src/4.1-551cda7243.clean
-- Configuring x64-mingw-dynamic
-- Building x64-mingw-dynamic-dbg
-- Building x64-mingw-dynamic-rel
-- Fixing pkgconfig file: /opt/vcpkg/packages/x265_x64-mingw-dynamic/lib/pkgconfig/x265.pc
-- Fixing pkgconfig file: /opt/vcpkg/packages/x265_x64-mingw-dynamic/debug/lib/pkgconfig/x265.pc
-- Installing: /opt/vcpkg/packages/x265_x64-mingw-dynamic/share/x265/copyright
-- Performing post-build validation
/opt/vcpkg/ports/x265/portfile.cmake: warning: DLLs that link with obsolete C RunTime ("CRT") DLLs were installed. Installed DLLs should link with an in-support CRT. You can inspect the dependencies of a DLL with `dumpbin.exe /dependents mylibfile.dll`. If you're using a custom triplet targeting an old CRT, add set(VCPKG_POLICY_ALLOW_OBSOLETE_MSVCRT enabled) to the triplet's .cmake file. To suppress this message for this port, add set(VCPKG_POLICY_ALLOW_OBSOLETE_MSVCRT enabled)
/opt/vcpkg/packages/x265_x64-mingw-dynamic: note: the DLLs are relative to ${CURRENT_PACKAGES_DIR} here
note: debug/bin/libx265.dll
note: bin/libx265.dll
/opt/vcpkg/ports/x265/portfile.cmake: warning: Found 1 post-build check problem(s). These are usually caused by bugs in portfile.cmake or the upstream build system. Please correct these before submitting this port to the curated registry.
Starting submission of x265:x64-mingw-dynamic@4.1#1 to 1 binary cache(s) in the background
Elapsed time to handle x265:x64-mingw-dynamic: 2.1 min
Installing 3/5 vcpkg-cmake-config:x64-linux@2024-05-23...
vcpkg-cmake-config:x64-linux@2024-05-23 package ABI: e5c383b5426d5d3bcd9e5afafc34b1e20e43cf83ad9bcab56ac00e4fda35d50a
Elapsed time to handle vcpkg-cmake-config:x64-linux: 4.05 ms
Installing 4/5 libde265:x64-mingw-dynamic@1.0.16#1...
libde265:x64-mingw-dynamic@1.0.16#1 package ABI: e1d8af40dcbb9d14fdd4756a3d59fd21cb1694defa5162e1463737f2e07e738a
Building libde265:x64-mingw-dynamic@1.0.16#1...
/opt/vcpkg/triplets/community/x64-mingw-dynamic.cmake: info: loaded community triplet from here. Community triplets are not built in the curated registry and are thus less likely to succeed.
-- Using cached strukturag-libde265-v1.0.16.tar.gz
-- Cleaning sources at /opt/vcpkg/buildtrees/libde265/src/v1.0.16-959bbe939a.clean. Use --editable to skip cleaning for the packages you specify.
-- Extracting source /opt/vcpkg/downloads/strukturag-libde265-v1.0.16.tar.gz
-- Applying patch fix-interface-include.patch
-- Applying patch pkgconfig-cxx-linkage.diff
-- Using source at /opt/vcpkg/buildtrees/libde265/src/v1.0.16-959bbe939a.clean
-- Configuring x64-mingw-dynamic
-- Building x64-mingw-dynamic-dbg
CMake Warning at scripts/cmake/vcpkg_execute_build_process.cmake:65 (message):
  Please ensure your system has sufficient memory.
Call Stack (most recent call first):
  /workspace/build_win/vcpkg_installed/x64-linux/share/vcpkg-cmake/vcpkg_cmake_build.cmake:74 (vcpkg_execute_build_process)
  /workspace/build_win/vcpkg_installed/x64-linux/share/vcpkg-cmake/vcpkg_cmake_install.cmake:16 (vcpkg_cmake_build)
  ports/libde265/portfile.cmake:18 (vcpkg_cmake_install)
  scripts/ports.cmake:206 (include)


-- Restarting build without parallelism
CMake Error at scripts/cmake/vcpkg_execute_build_process.cmake:134 (message):
    Command failed: /opt/vcpkg/downloads/tools/cmake-4.2.3-linux/cmake-4.2.3-linux-x86_64/bin/cmake --build . --config Debug --target install -- -v -j23
    Working Directory: /opt/vcpkg/buildtrees/libde265/x64-mingw-dynamic-dbg
    See logs for more information:
      /opt/vcpkg/buildtrees/libde265/install-x64-mingw-dynamic-dbg-out.log
      /opt/vcpkg/buildtrees/libde265/install-x64-mingw-dynamic-dbg-out-1.log

Call Stack (most recent call first):
  /workspace/build_win/vcpkg_installed/x64-linux/share/vcpkg-cmake/vcpkg_cmake_build.cmake:74 (vcpkg_execute_build_process)
  /workspace/build_win/vcpkg_installed/x64-linux/share/vcpkg-cmake/vcpkg_cmake_install.cmake:16 (vcpkg_cmake_build)
  ports/libde265/portfile.cmake:18 (vcpkg_cmake_install)
  scripts/ports.cmake:206 (include)


error: building libde265:x64-mingw-dynamic failed with: BUILD_FAILED
See https://learn.microsoft.com/vcpkg/troubleshoot/build-failures?WT.mc_id=vcpkg_inproduct_cli for more information.
Elapsed time to handle libde265:x64-mingw-dynamic: 5 min
Please ensure you're using the latest port files with `git pull` and `vcpkg update`.
Then check for known issues at:
  https://github.com/microsoft/vcpkg/issues?q=is%3Aissue+is%3Aopen+in%3Atitle+libde265
You can submit a new issue at:
  https://github.com/microsoft/vcpkg/issues/new?title=%5Blibde265%5D%20build%20error%20on%20x64-mingw-dynamic&body=Copy%20issue%20body%20from%20%2Fworkspace%2Fbuild_win%2Fvcpkg_installed%2Fvcpkg%2Fissue_body.md

Completed submission of x265:x64-mingw-dynamic@4.1#1 to 1 binary cache(s) in 724 ms
